nohup: ignoring input
yarn run v1.1.0
$ react-scripts start
Starting the development server...

Compiled with warnings.

./src/qiniu/fotoList/index.js
  Line 17:  'history' is assigned a value but never used                                                                                no-unused-vars
  Line 34:  'hash' is assigned a value but never used                                                                                   no-unused-vars
  Line 67:  No duplicate props allowed                                                                                                  react/jsx-no-duplicate-props
  Line 75:  Emojis should be wrapped in <span>, have role="img", and have an accessible description with aria-label or aria-labelledby  jsx-a11y/accessible-emoji

Search for the keywords to learn more about each warning.
To ignore, add // eslint-disable-next-line to the line before.

Compiling...
Compiled with warnings.

./src/qiniu/fotoList/index.js
  Line 17:  'history' is assigned a value but never used                                                                                no-unused-vars
  Line 34:  'hash' is assigned a value but never used                                                                                   no-unused-vars
  Line 67:  No duplicate props allowed                                                                                                  react/jsx-no-duplicate-props
  Line 75:  Emojis should be wrapped in <span>, have role="img", and have an accessible description with aria-label or aria-labelledby  jsx-a11y/accessible-emoji

Search for the keywords to learn more about each warning.
To ignore, add // eslint-disable-next-line to the line before.

Compiling...
Compiled with warnings.

./src/qiniu/fotoList/index.js
  Line 17:  'history' is assigned a value but never used                                                                                no-unused-vars
  Line 34:  'hash' is assigned a value but never used                                                                                   no-unused-vars
  Line 67:  No duplicate props allowed                                                                                                  react/jsx-no-duplicate-props
  Line 75:  Emojis should be wrapped in <span>, have role="img", and have an accessible description with aria-label or aria-labelledby  jsx-a11y/accessible-emoji

Search for the keywords to learn more about each warning.
To ignore, add // eslint-disable-next-line to the line before.

